May 16, 2019 2:20:19 AM replica.ReplicaServer main
CONFIG: Configuration done.
May 16, 2019 2:20:19 AM replica.ReplicaServer main
INFO: Logger Name: replica.ReplicaServer_5 working on port 50005
May 16, 2019 2:20:20 AM replica.ReplicaServer main
INFO: Binding the register is done
May 16, 2019 2:20:23 AM replica.ReplicaServerImpl write
CONFIG: Writting to omar2
May 16, 2019 2:20:24 AM replica.ReplicaServerImpl write
CONFIG: Writting to all Replica is Done 
May 16, 2019 2:20:24 AM replica.ReplicaServerImpl write
CONFIG: Writting to omar2
May 16, 2019 2:20:24 AM replica.ReplicaServerImpl read
CONFIG: Reading omar2
May 16, 2019 2:20:24 AM replica.ReplicaServerImpl write
CONFIG: Writting to omar2
May 16, 2019 2:20:24 AM replica.ReplicaServerImpl write
CONFIG: Writting to all Replica is Done 
May 16, 2019 2:20:24 AM replica.ReplicaServerImpl read
CONFIG: Reading omar2
May 16, 2019 2:20:24 AM replica.ReplicaServerImpl write
CONFIG: Writting to omar2
May 16, 2019 2:20:24 AM replica.ReplicaServerImpl write
CONFIG: Writting to all Replica is Done 
May 16, 2019 2:20:24 AM replica.ReplicaServerImpl write
CONFIG: Writting to all Replica is Done 
May 16, 2019 2:20:25 AM replica.ReplicaServerImpl write
CONFIG: Writting to omar2
May 16, 2019 2:20:25 AM replica.ReplicaServerImpl write
CONFIG: Writting to all Replica is Done 
May 16, 2019 2:20:25 AM replica.ReplicaServerImpl read
CONFIG: Reading omar2
May 16, 2019 2:20:25 AM replica.ReplicaServerImpl write
CONFIG: Writting to omar2
May 16, 2019 2:20:25 AM replica.ReplicaServerImpl read
CONFIG: Reading omar2
May 16, 2019 2:20:25 AM replica.ReplicaServerImpl write
CONFIG: Writting to all Replica is Done 
May 16, 2019 2:20:25 AM replica.ReplicaServerImpl write
CONFIG: Writting to omar2
May 16, 2019 2:20:25 AM replica.ReplicaServerImpl write
CONFIG: Writting to all Replica is Done 
May 16, 2019 2:20:25 AM replica.ReplicaServerImpl write
CONFIG: Writting to omar2
May 16, 2019 2:20:25 AM replica.ReplicaServerImpl write
CONFIG: Writting to all Replica is Done 
May 16, 2019 2:20:26 AM replica.ReplicaServerImpl write
CONFIG: Writting to omar2
May 16, 2019 2:20:26 AM replica.ReplicaServerImpl write
CONFIG: Writting to all Replica is Done 
May 16, 2019 2:20:26 AM replica.ReplicaServerImpl read
CONFIG: Reading omar2
May 16, 2019 2:20:26 AM replica.ReplicaServerImpl read
CONFIG: Reading omar2
May 16, 2019 2:20:26 AM replica.ReplicaServerImpl write
CONFIG: Writting to omar2
May 16, 2019 2:20:26 AM replica.ReplicaServerImpl write
CONFIG: Writting to omar2
May 16, 2019 2:20:26 AM replica.ReplicaServerImpl write
CONFIG: Writting to all Replica is Done 
May 16, 2019 2:20:26 AM replica.ReplicaServerImpl commit
CONFIG: commiting 8
May 16, 2019 2:20:26 AM replica.ReplicaServerImpl write
CONFIG: Writting to all Replica is Done 
May 16, 2019 2:20:27 AM replica.ReplicaServerImpl write
CONFIG: Writting to omar2
May 16, 2019 2:20:27 AM replica.ReplicaServerImpl write
CONFIG: Writting to all Replica is Done 
May 16, 2019 2:20:27 AM replica.ReplicaServerImpl read
CONFIG: Reading omar2
May 16, 2019 2:20:27 AM replica.ReplicaServerImpl read
CONFIG: Reading omar2
May 16, 2019 2:20:27 AM replica.ReplicaServerImpl write
CONFIG: Writting to omar2
May 16, 2019 2:20:27 AM replica.ReplicaServerImpl write
CONFIG: Writting to omar2
May 16, 2019 2:20:27 AM replica.ReplicaServerImpl write
CONFIG: Writting to all Replica is Done 
May 16, 2019 2:20:27 AM replica.ReplicaServerImpl write
CONFIG: Writting to all Replica is Done 
May 16, 2019 2:20:28 AM replica.ReplicaServerImpl write
CONFIG: Writting to omar2
May 16, 2019 2:20:28 AM replica.ReplicaServerImpl write
CONFIG: Writting to all Replica is Done 
May 16, 2019 2:20:28 AM replica.ReplicaServerImpl read
CONFIG: Reading omar2
May 16, 2019 2:20:28 AM replica.ReplicaServerImpl read
CONFIG: Reading omar2
May 16, 2019 2:20:28 AM replica.ReplicaServerImpl write
CONFIG: Writting to omar2
May 16, 2019 2:20:28 AM replica.ReplicaServerImpl write
CONFIG: Writting to omar2
May 16, 2019 2:20:28 AM replica.ReplicaServerImpl write
CONFIG: Writting to all Replica is Done 
May 16, 2019 2:20:28 AM replica.ReplicaServerImpl write
CONFIG: Writting to all Replica is Done 
May 16, 2019 2:20:29 AM replica.ReplicaServerImpl write
CONFIG: Writting to omar2
May 16, 2019 2:20:29 AM replica.ReplicaServerImpl write
CONFIG: Writting to all Replica is Done 
May 16, 2019 2:20:29 AM replica.ReplicaServerImpl read
CONFIG: Reading omar2
May 16, 2019 2:20:29 AM replica.ReplicaServerImpl read
CONFIG: Reading omar2
May 16, 2019 2:20:29 AM replica.ReplicaServerImpl write
CONFIG: Writting to omar2
May 16, 2019 2:20:29 AM replica.ReplicaServerImpl write
CONFIG: Writting to omar2
May 16, 2019 2:20:29 AM replica.ReplicaServerImpl write
CONFIG: Writting to all Replica is Done 
May 16, 2019 2:20:29 AM replica.ReplicaServerImpl write
CONFIG: Writting to all Replica is Done 
May 16, 2019 2:20:30 AM replica.ReplicaServerImpl write
CONFIG: Writting to omar2
May 16, 2019 2:20:30 AM replica.ReplicaServerImpl write
CONFIG: Writting to all Replica is Done 
May 16, 2019 2:20:30 AM replica.ReplicaServerImpl read
CONFIG: Reading omar2
May 16, 2019 2:20:30 AM replica.ReplicaServerImpl read
CONFIG: Reading omar2
May 16, 2019 2:20:30 AM replica.ReplicaServerImpl write
CONFIG: Writting to omar2
May 16, 2019 2:20:30 AM replica.ReplicaServerImpl write
CONFIG: Writting to omar2
May 16, 2019 2:20:30 AM replica.ReplicaServerImpl write
CONFIG: Writting to all Replica is Done 
May 16, 2019 2:20:30 AM replica.ReplicaServerImpl write
CONFIG: Writting to all Replica is Done 
May 16, 2019 2:20:31 AM replica.ReplicaServerImpl write
CONFIG: Writting to omar2
May 16, 2019 2:20:31 AM replica.ReplicaServerImpl write
CONFIG: Writting to all Replica is Done 
May 16, 2019 2:20:31 AM replica.ReplicaServerImpl read
CONFIG: Reading omar2
May 16, 2019 2:20:31 AM replica.ReplicaServerImpl read
CONFIG: Reading omar2
May 16, 2019 2:20:31 AM replica.ReplicaServerImpl write
CONFIG: Writting to omar2
May 16, 2019 2:20:31 AM replica.ReplicaServerImpl write
CONFIG: Writting to omar2
May 16, 2019 2:20:31 AM replica.ReplicaServerImpl write
CONFIG: Writting to all Replica is Done 
May 16, 2019 2:20:31 AM replica.ReplicaServerImpl write
CONFIG: Writting to all Replica is Done 
May 16, 2019 2:20:32 AM replica.ReplicaServerImpl write
CONFIG: Writting to omar2
May 16, 2019 2:20:32 AM replica.ReplicaServerImpl write
CONFIG: Writting to all Replica is Done 
May 16, 2019 2:20:32 AM replica.ReplicaServerImpl read
CONFIG: Reading omar2
May 16, 2019 2:20:32 AM replica.ReplicaServerImpl read
CONFIG: Reading omar2
May 16, 2019 2:20:32 AM replica.ReplicaServerImpl write
CONFIG: Writting to omar2
May 16, 2019 2:20:32 AM replica.ReplicaServerImpl write
CONFIG: Writting to omar2
May 16, 2019 2:20:32 AM replica.ReplicaServerImpl write
CONFIG: Writting to all Replica is Done 
May 16, 2019 2:20:32 AM replica.ReplicaServerImpl write
CONFIG: Writting to all Replica is Done 
May 16, 2019 2:20:33 AM replica.ReplicaServerImpl write
CONFIG: Writting to omar2
May 16, 2019 2:20:33 AM replica.ReplicaServerImpl write
CONFIG: Writting to all Replica is Done 
May 16, 2019 2:20:33 AM replica.ReplicaServerImpl read
CONFIG: Reading omar2
May 16, 2019 2:20:33 AM replica.ReplicaServerImpl read
CONFIG: Reading omar2
May 16, 2019 2:20:33 AM replica.ReplicaServerImpl write
CONFIG: Writting to omar2
May 16, 2019 2:20:33 AM replica.ReplicaServerImpl write
CONFIG: Writting to omar2
May 16, 2019 2:20:33 AM replica.ReplicaServerImpl write
CONFIG: Writting to all Replica is Done 
May 16, 2019 2:20:33 AM replica.ReplicaServerImpl write
CONFIG: Writting to all Replica is Done 
May 16, 2019 2:20:34 AM replica.ReplicaServerImpl commit
CONFIG: commiting 2
May 16, 2019 2:20:34 AM replica.ReplicaServerImpl read
CONFIG: Reading omar2
May 16, 2019 2:20:34 AM replica.ReplicaServerImpl read
CONFIG: Reading omar2
May 16, 2019 2:20:34 AM replica.ReplicaServerImpl commit
CONFIG: commiting 9
May 16, 2019 2:20:34 AM replica.ReplicaServerImpl commit
CONFIG: commiting 4
May 16, 2019 2:20:35 AM replica.ReplicaServerImpl read
CONFIG: Reading omar2
May 16, 2019 2:20:35 AM replica.ReplicaServerImpl read
CONFIG: Reading omar2
May 16, 2019 2:20:36 AM replica.ReplicaServerImpl read
CONFIG: Reading omar2
May 16, 2019 2:20:37 AM replica.ReplicaServerImpl read
CONFIG: Reading omar2
May 16, 2019 2:20:38 AM replica.ReplicaServerImpl read
CONFIG: Reading omar2
May 16, 2019 2:20:39 AM replica.ReplicaServerImpl read
CONFIG: Reading omar2
May 16, 2019 2:20:40 AM replica.ReplicaServerImpl read
CONFIG: Reading omar2
May 16, 2019 2:20:41 AM replica.ReplicaServerImpl read
CONFIG: Reading omar2
May 16, 2019 2:20:42 AM replica.ReplicaServerImpl read
CONFIG: Reading omar2
May 16, 2019 2:20:43 AM replica.ReplicaServerImpl read
CONFIG: Reading omar2
May 16, 2019 2:20:44 AM replica.ReplicaServerImpl read
CONFIG: Reading omar2
May 16, 2019 2:20:45 AM replica.ReplicaServerImpl read
CONFIG: Reading omar2
May 16, 2019 2:20:46 AM replica.ReplicaServerImpl read
CONFIG: Reading omar2
May 16, 2019 2:20:47 AM replica.ReplicaServerImpl read
CONFIG: Reading omar2
May 16, 2019 2:20:48 AM replica.ReplicaServerImpl read
CONFIG: Reading omar2
May 16, 2019 2:20:49 AM replica.ReplicaServerImpl read
CONFIG: Reading omar2
May 16, 2019 2:20:50 AM replica.ReplicaServerImpl read
CONFIG: Reading omar2
May 16, 2019 2:20:51 AM replica.ReplicaServerImpl read
CONFIG: Reading omar2
May 16, 2019 2:20:52 AM replica.ReplicaServerImpl read
CONFIG: Reading omar2
May 16, 2019 2:20:53 AM replica.ReplicaServerImpl read
CONFIG: Reading omar2
