May 16, 2019 2:20:19 AM replica.ReplicaServer main
CONFIG: Configuration done.
May 16, 2019 2:20:19 AM replica.ReplicaServer main
INFO: Logger Name: replica.ReplicaServer_3 working on port 50003
May 16, 2019 2:20:20 AM replica.ReplicaServer main
INFO: Binding the register is done
May 16, 2019 2:20:24 AM replica.ReplicaServerImpl write
CONFIG: Writting to omar2
May 16, 2019 2:20:24 AM replica.ReplicaServerImpl write
CONFIG: Writting to all Replica is Done 
May 16, 2019 2:20:24 AM replica.ReplicaServerImpl write
CONFIG: Writting to omar2
May 16, 2019 2:20:24 AM replica.ReplicaServerImpl write
CONFIG: Writting to all Replica is Done 
May 16, 2019 2:20:24 AM replica.ReplicaServerImpl write
CONFIG: Writting to omar2
May 16, 2019 2:20:24 AM replica.ReplicaServerImpl write
CONFIG: Writting to all Replica is Done 
May 16, 2019 2:20:24 AM replica.ReplicaServerImpl write
CONFIG: Writting to omar2
May 16, 2019 2:20:24 AM replica.ReplicaServerImpl write
CONFIG: Writting to all Replica is Done 
May 16, 2019 2:20:25 AM replica.ReplicaServerImpl write
CONFIG: Writting to omar2
May 16, 2019 2:20:25 AM replica.ReplicaServerImpl write
CONFIG: Writting to all Replica is Done 
May 16, 2019 2:20:25 AM replica.ReplicaServerImpl write
CONFIG: Writting to omar2
May 16, 2019 2:20:25 AM replica.ReplicaServerImpl write
CONFIG: Writting to all Replica is Done 
May 16, 2019 2:20:25 AM replica.ReplicaServerImpl write
CONFIG: Writting to omar2
May 16, 2019 2:20:25 AM replica.ReplicaServerImpl write
CONFIG: Writting to all Replica is Done 
May 16, 2019 2:20:25 AM replica.ReplicaServerImpl write
CONFIG: Writting to omar2
May 16, 2019 2:20:25 AM replica.ReplicaServerImpl write
CONFIG: Writting to all Replica is Done 
May 16, 2019 2:20:26 AM replica.ReplicaServerImpl write
CONFIG: Writting to omar2
May 16, 2019 2:20:26 AM replica.ReplicaServerImpl write
CONFIG: Writting to all Replica is Done 
May 16, 2019 2:20:26 AM replica.ReplicaServerImpl write
CONFIG: Writting to omar2
May 16, 2019 2:20:26 AM replica.ReplicaServerImpl write
CONFIG: Writting to all Replica is Done 
May 16, 2019 2:20:26 AM replica.ReplicaServerImpl write
CONFIG: Writting to omar2
May 16, 2019 2:20:26 AM replica.ReplicaServerImpl write
CONFIG: Writting to all Replica is Done 
May 16, 2019 2:20:26 AM replica.ReplicaServerImpl commit
CONFIG: commiting 8
May 16, 2019 2:20:27 AM replica.ReplicaServerImpl write
CONFIG: Writting to omar2
May 16, 2019 2:20:27 AM replica.ReplicaServerImpl write
CONFIG: Writting to all Replica is Done 
May 16, 2019 2:20:27 AM replica.ReplicaServerImpl write
CONFIG: Writting to omar2
May 16, 2019 2:20:27 AM replica.ReplicaServerImpl write
CONFIG: Writting to all Replica is Done 
May 16, 2019 2:20:27 AM replica.ReplicaServerImpl write
CONFIG: Writting to omar2
May 16, 2019 2:20:27 AM replica.ReplicaServerImpl write
CONFIG: Writting to all Replica is Done 
May 16, 2019 2:20:28 AM replica.ReplicaServerImpl write
CONFIG: Writting to omar2
May 16, 2019 2:20:28 AM replica.ReplicaServerImpl write
CONFIG: Writting to all Replica is Done 
May 16, 2019 2:20:28 AM replica.ReplicaServerImpl write
CONFIG: Writting to omar2
May 16, 2019 2:20:28 AM replica.ReplicaServerImpl write
CONFIG: Writting to omar2
May 16, 2019 2:20:28 AM replica.ReplicaServerImpl write
CONFIG: Writting to all Replica is Done 
May 16, 2019 2:20:28 AM replica.ReplicaServerImpl write
CONFIG: Writting to all Replica is Done 
May 16, 2019 2:20:29 AM replica.ReplicaServerImpl write
CONFIG: Writting to omar2
May 16, 2019 2:20:29 AM replica.ReplicaServerImpl write
CONFIG: Writting to all Replica is Done 
May 16, 2019 2:20:29 AM replica.ReplicaServerImpl write
CONFIG: Writting to omar2
May 16, 2019 2:20:29 AM replica.ReplicaServerImpl write
CONFIG: Writting to all Replica is Done 
May 16, 2019 2:20:29 AM replica.ReplicaServerImpl write
CONFIG: Writting to omar2
May 16, 2019 2:20:29 AM replica.ReplicaServerImpl write
CONFIG: Writting to all Replica is Done 
May 16, 2019 2:20:30 AM replica.ReplicaServerImpl write
CONFIG: Writting to omar2
May 16, 2019 2:20:30 AM replica.ReplicaServerImpl write
CONFIG: Writting to all Replica is Done 
May 16, 2019 2:20:30 AM replica.ReplicaServerImpl write
CONFIG: Writting to omar2
May 16, 2019 2:20:30 AM replica.ReplicaServerImpl write
CONFIG: Writting to omar2
May 16, 2019 2:20:30 AM replica.ReplicaServerImpl write
CONFIG: Writting to all Replica is Done 
May 16, 2019 2:20:30 AM replica.ReplicaServerImpl write
CONFIG: Writting to all Replica is Done 
May 16, 2019 2:20:31 AM replica.ReplicaServerImpl write
CONFIG: Writting to omar2
May 16, 2019 2:20:31 AM replica.ReplicaServerImpl write
CONFIG: Writting to all Replica is Done 
May 16, 2019 2:20:31 AM replica.ReplicaServerImpl write
CONFIG: Writting to omar2
May 16, 2019 2:20:31 AM replica.ReplicaServerImpl write
CONFIG: Writting to omar2
May 16, 2019 2:20:31 AM replica.ReplicaServerImpl write
CONFIG: Writting to all Replica is Done 
May 16, 2019 2:20:31 AM replica.ReplicaServerImpl write
CONFIG: Writting to all Replica is Done 
May 16, 2019 2:20:32 AM replica.ReplicaServerImpl write
CONFIG: Writting to omar2
May 16, 2019 2:20:32 AM replica.ReplicaServerImpl write
CONFIG: Writting to all Replica is Done 
May 16, 2019 2:20:32 AM replica.ReplicaServerImpl write
CONFIG: Writting to omar2
May 16, 2019 2:20:32 AM replica.ReplicaServerImpl write
CONFIG: Writting to all Replica is Done 
May 16, 2019 2:20:32 AM replica.ReplicaServerImpl write
CONFIG: Writting to omar2
May 16, 2019 2:20:32 AM replica.ReplicaServerImpl write
CONFIG: Writting to all Replica is Done 
May 16, 2019 2:20:33 AM replica.ReplicaServerImpl write
CONFIG: Writting to omar2
May 16, 2019 2:20:33 AM replica.ReplicaServerImpl write
CONFIG: Writting to all Replica is Done 
May 16, 2019 2:20:33 AM replica.ReplicaServerImpl write
CONFIG: Writting to omar2
May 16, 2019 2:20:33 AM replica.ReplicaServerImpl write
CONFIG: Writting to all Replica is Done 
May 16, 2019 2:20:33 AM replica.ReplicaServerImpl write
CONFIG: Writting to omar2
May 16, 2019 2:20:33 AM replica.ReplicaServerImpl write
CONFIG: Writting to all Replica is Done 
May 16, 2019 2:20:34 AM replica.ReplicaServerImpl commit
CONFIG: commiting 2
May 16, 2019 2:20:34 AM replica.ReplicaServerImpl commit
CONFIG: commiting 9
May 16, 2019 2:20:34 AM replica.ReplicaServerImpl commit
CONFIG: commiting 4
